********************************************************************************
MEME - Motif discovery tool
********************************************************************************
MEME version 4.10.1 (Release date: Wed Mar 25 11:40:43 2015 +1000)

For further information on how to interpret these results or to get
a copy of the MEME software please access http://meme-suite.org .

This file may be used as input to the MAST algorithm for searching
sequence databases for matches to groups of motifs.  MAST is available
for interactive use and downloading at http://meme-suite.org .
********************************************************************************


********************************************************************************
REFERENCE
********************************************************************************
If you use this program in your research, please cite:

Timothy L. Bailey and Charles Elkan,
"Fitting a mixture model by expectation maximization to discover
motifs in biopolymers", Proceedings of the Second International
Conference on Intelligent Systems for Molecular Biology, pp. 28-36,
AAAI Press, Menlo Park, California, 1994.
********************************************************************************


********************************************************************************
TRAINING SET
********************************************************************************
DATAFILE= /Users/gtan/src/R-devel/library/TFBSTools/extdata/crp0.s
ALPHABET= ACGT
Sequence name            Weight Length  Sequence name            Weight Length  
-------------            ------ ------  -------------            ------ ------  
ce1cg                    1.0000    105  ara                      1.0000    105  
bglr1                    1.0000    105  crp                      1.0000    105  
cya                      1.0000    105  deop2                    1.0000    105  
gale                     1.0000    105  ilv                      1.0000    105  
lac                      1.0000    105  male                     1.0000    105  
malk                     1.0000    105  malt                     1.0000    105  
ompa                     1.0000    105  tnaa                     1.0000    105  
uxu1                     1.0000    105  pbr322                   1.0000    105  
trn9cat                  1.0000    105  tdc                      1.0000    105  
********************************************************************************

********************************************************************************
COMMAND LINE SUMMARY
********************************************************************************
This information can also be useful in the event you wish to report a
problem with the MEME software.

command: meme /Users/gtan/src/R-devel/library/TFBSTools/extdata/crp0.s -text -dna -nmotifs 5 

model:  mod=         zoops    nmotifs=         5    evt=           inf
object function=  E-value of product of p-values
width:  minw=            8    maxw=           50    minic=        0.00
width:  wg=             11    ws=              1    endgaps=       yes
nsites: minsites=        2    maxsites=       18    wnsites=       0.8
theta:  prob=            1    spmap=         uni    spfuzz=        0.5
global: substring=     yes    branching=      no    wbranch=        no
em:     prior=   dirichlet    b=            0.01    maxiter=        50
        distance=    1e-05
data:   n=            1890    N=              18
strands: +
sample: seed=            0    seqfrac=         1
Letter frequencies in dataset:
A 0.303 C 0.183 G 0.209 T 0.306 
Background letter frequencies (from dataset with add-one prior applied):
A 0.303 C 0.183 G 0.209 T 0.306 
********************************************************************************


********************************************************************************
MOTIF  1 MEME	width =  19  sites =  17  llr = 175  E-value = 4.1e-009
********************************************************************************
--------------------------------------------------------------------------------
	Motif 1 Description
--------------------------------------------------------------------------------
Simplified        A  :::28331512:1818244
pos.-specific     C  211:1242:2219:914:1
probability       G  :6:8:2242631:2:11::
matrix            T  8391141331381111466

         bits    2.5                    
                 2.2                    
                 2.0                    
                 1.7             * *    
Relative         1.5   *         * *    
Entropy          1.2 * **        * *    
(14.8 bits)      1.0 *****      ** *    
                 0.7 *****    * ***** * 
                 0.5 *****    * ***** **
                 0.2 ***** **** ********
                 0.0 -------------------

Multilevel           TGTGATCGAGGTCACACTT
consensus             T   AATTCT     TAA
sequence                   GC  C        
                                        
--------------------------------------------------------------------------------

--------------------------------------------------------------------------------
	Motif 1 sites sorted by position p-value
--------------------------------------------------------------------------------
Sequence name             Start   P-value                   Site      
-------------             ----- ---------            -------------------
ompa                         51  3.13e-07 TTTTCATATG CCTGACGGAGTTCACACTT GTAAGTTTTC
male                         17  3.13e-07 CCGCCAATTC TGTAACAGAGATCACACAA AGCGACGGTG
deop2                        10  5.00e-07  AGTGAATTA TTTGAACCAGATCGCATTA CAGTGATGCA
ara                          58  7.01e-07 ACATTGATTA TTTGCACGGCGTCACACTT TGCTATGCCA
lac                          12  1.33e-06 ACGCAATTAA TGTGAGTTAGCTCACTCAT TAGGCACCCC
tdc                          79  2.68e-06 TGAAAGTTAA TTTGTGAGTGGTCGCACAT ATCCTGTT  
bglr1                        79  2.95e-06 AGTTAATAAC TGTGAGCATGGTCATATTT TTATCAAT  
tnaa                         74  3.24e-06 CCCGAACGAT TGTGATTCGATTCACATTT AAACAATTTC
ce1cg                        64  3.24e-06 AGACTGTTTT TTTGATCGTTTTCACAAAA ATGGAAGTCC
pbr322                       56  3.56e-06 CCATATGCGG TGTGAAATACCGCACAGAT GCGTAAGGAG
crp                          66  5.14e-06 ACTGCATGTA TGCAAAGGACGTCACATTA CCGTGCAGTA
gale                         45  7.31e-06 ATTCCACTAA TTTATTCCATGTCACACTT TTCGCATCTT
uxu1                         20  2.29e-05 GTGAAATTGT TGTGATGTGGTTAACCCAA TTAGAATTCG
malt                         44  3.32e-05 GATTTGGAAT TGTGACACAGTGCAAATTC AGACACATAA
cya                          53  3.32e-05 ATCAGCAAGG TGTTAAATTGATCACGTTT TAGACCATTT
malk                         64  5.10e-05 TAAGGAATTT CGTGATGTTGCTTGCAAAA ATCGTGGCGA
ilv                          42  5.46e-05 CAGTACAAAA CGTGATCAACCCCTCAATT TTCCCTTTGC
--------------------------------------------------------------------------------

--------------------------------------------------------------------------------
	Motif 1 block diagrams
--------------------------------------------------------------------------------
SEQUENCE NAME            POSITION P-VALUE  MOTIF DIAGRAM
-------------            ----------------  -------------
ompa                              3.1e-07  50_[+1]_36
male                              3.1e-07  16_[+1]_70
deop2                               5e-07  9_[+1]_77
ara                                 7e-07  57_[+1]_29
lac                               1.3e-06  11_[+1]_75
tdc                               2.7e-06  78_[+1]_8
bglr1                             2.9e-06  78_[+1]_8
tnaa                              3.2e-06  73_[+1]_13
ce1cg                             3.2e-06  63_[+1]_23
pbr322                            3.6e-06  55_[+1]_31
crp                               5.1e-06  65_[+1]_21
gale                              7.3e-06  44_[+1]_42
uxu1                              2.3e-05  19_[+1]_67
malt                              3.3e-05  43_[+1]_43
cya                               3.3e-05  52_[+1]_34
malk                              5.1e-05  63_[+1]_23
ilv                               5.5e-05  41_[+1]_45
--------------------------------------------------------------------------------

--------------------------------------------------------------------------------
	Motif 1 in BLOCKS format
--------------------------------------------------------------------------------
BL   MOTIF 1 width=19 seqs=17
ompa                     (   51) CCTGACGGAGTTCACACTT  1 
male                     (   17) TGTAACAGAGATCACACAA  1 
deop2                    (   10) TTTGAACCAGATCGCATTA  1 
ara                      (   58) TTTGCACGGCGTCACACTT  1 
lac                      (   12) TGTGAGTTAGCTCACTCAT  1 
tdc                      (   79) TTTGTGAGTGGTCGCACAT  1 
bglr1                    (   79) TGTGAGCATGGTCATATTT  1 
tnaa                     (   74) TGTGATTCGATTCACATTT  1 
ce1cg                    (   64) TTTGATCGTTTTCACAAAA  1 
pbr322                   (   56) TGTGAAATACCGCACAGAT  1 
crp                      (   66) TGCAAAGGACGTCACATTA  1 
gale                     (   45) TTTATTCCATGTCACACTT  1 
uxu1                     (   20) TGTGATGTGGTTAACCCAA  1 
malt                     (   44) TGTGACACAGTGCAAATTC  1 
cya                      (   53) TGTTAAATTGATCACGTTT  1 
malk                     (   64) CGTGATGTTGCTTGCAAAA  1 
ilv                      (   42) CGTGATCAACCCCTCAATT  1 
//

--------------------------------------------------------------------------------

--------------------------------------------------------------------------------
	Motif 1 position-specific scoring matrix
--------------------------------------------------------------------------------
log-odds matrix: alength= 4 w= 19 n= 1566 bayes= 6.57994 E= 4.1e-009 
 -1073     -5  -1073    143 
 -1073   -163    163     -6 
 -1073   -163  -1073    162 
   -78  -1073    187   -237 
   144   -163  -1073   -138 
    -4     -5    -24     21 
    -4     95     17   -138 
  -136     36     76     -6 
    81  -1073    -24     -6 
  -236     36    149   -138 
   -78     36     49     -6 
 -1073   -163    -83    143 
  -236    227  -1073   -237 
   134  -1073    -24   -237 
  -236    227  -1073   -237 
   144   -163   -183   -237 
   -78    117   -183     21 
    44  -1073  -1073     94 
    22   -163  -1073     94 
--------------------------------------------------------------------------------

--------------------------------------------------------------------------------
	Motif 1 position-specific probability matrix
--------------------------------------------------------------------------------
letter-probability matrix: alength= 4 w= 19 nsites= 17 E= 4.1e-009 
 0.000000  0.176471  0.000000  0.823529 
 0.000000  0.058824  0.647059  0.294118 
 0.000000  0.058824  0.000000  0.941176 
 0.176471  0.000000  0.764706  0.058824 
 0.823529  0.058824  0.000000  0.117647 
 0.294118  0.176471  0.176471  0.352941 
 0.294118  0.352941  0.235294  0.117647 
 0.117647  0.235294  0.352941  0.294118 
 0.529412  0.000000  0.176471  0.294118 
 0.058824  0.235294  0.588235  0.117647 
 0.176471  0.235294  0.294118  0.294118 
 0.000000  0.058824  0.117647  0.823529 
 0.058824  0.882353  0.000000  0.058824 
 0.764706  0.000000  0.176471  0.058824 
 0.058824  0.882353  0.000000  0.058824 
 0.823529  0.058824  0.058824  0.058824 
 0.176471  0.411765  0.058824  0.352941 
 0.411765  0.000000  0.000000  0.588235 
 0.352941  0.058824  0.000000  0.588235 
--------------------------------------------------------------------------------

--------------------------------------------------------------------------------
	Motif 1 regular expression
--------------------------------------------------------------------------------
T[GT]TGA[TA][CAG][GTC][AT][GC][GTC]TCACA[CT][TA][TA]
--------------------------------------------------------------------------------




Time  0.47 secs.

********************************************************************************


********************************************************************************
MOTIF  2 MEME	width =  16  sites =   5  llr = 73  E-value = 2.8e+002
********************************************************************************
--------------------------------------------------------------------------------
	Motif 2 Description
--------------------------------------------------------------------------------
Simplified        A  :24:a6aa:62:4:4:
pos.-specific     C  :24:::::2:66:a::
probability       G  a6:a:4::22246:4:
matrix            T  ::2:::::62::::2a

         bits    2.5              *  
                 2.2 *  *         *  
                 2.0 *  *         *  
                 1.7 *  ** **     * *
Relative         1.5 *  ** **   * * *
Entropy          1.2 *  ** **   * * *
(21.0 bits)      1.0 *  *****  **** *
                 0.7 ** *****  **** *
                 0.5 ****************
                 0.2 ****************
                 0.0 ----------------

Multilevel           GGAGAAAATACCGCAT
consensus             AC  G  CGAGA G 
sequence              CT     GTG   T 
                                     
--------------------------------------------------------------------------------

--------------------------------------------------------------------------------
	Motif 2 sites sorted by position p-value
--------------------------------------------------------------------------------
Sequence name             Start   P-value                  Site    
-------------             ----- ---------            ----------------
pbr322                       81  2.00e-09 AGATGCGTAA GGAGAAAATACCGCAT CAGGCGCTC 
ce1cg                        30  6.16e-09 TGTGGCATCG GGCGAGAATAGCGCGT GGTGTGAAAG
trn9cat                      79  2.45e-07 GCCAACTTTT GGCGAAAATGAGACGT TGATCGGCAC
ara                          36  4.50e-07 TATAATCACG GCAGAAAAGTCCACAT TGATTATTTG
malk                         15  6.14e-07 GAGGCGGGAG GATGAGAACACGGCTT CTGTGAACTA
--------------------------------------------------------------------------------

--------------------------------------------------------------------------------
	Motif 2 block diagrams
--------------------------------------------------------------------------------
SEQUENCE NAME            POSITION P-VALUE  MOTIF DIAGRAM
-------------            ----------------  -------------
pbr322                              2e-09  80_[+2]_9
ce1cg                             6.2e-09  29_[+2]_60
trn9cat                           2.4e-07  78_[+2]_11
ara                               4.5e-07  35_[+2]_54
malk                              6.1e-07  14_[+2]_75
--------------------------------------------------------------------------------

--------------------------------------------------------------------------------
	Motif 2 in BLOCKS format
--------------------------------------------------------------------------------
BL   MOTIF 2 width=16 seqs=5
pbr322                   (   81) GGAGAAAATACCGCAT  1 
ce1cg                    (   30) GGCGAGAATAGCGCGT  1 
trn9cat                  (   79) GGCGAAAATGAGACGT  1 
ara                      (   36) GCAGAAAAGTCCACAT  1 
malk                     (   15) GATGAGAACACGGCTT  1 
//

--------------------------------------------------------------------------------

--------------------------------------------------------------------------------
	Motif 2 position-specific scoring matrix
--------------------------------------------------------------------------------
log-odds matrix: alength= 4 w= 16 n= 1620 bayes= 7.76765 E= 2.8e+002 
  -897   -897    226   -897 
   -60     13    152   -897 
    40    113   -897    -61 
  -897   -897    226   -897 
   172   -897   -897   -897 
    99   -897     93   -897 
   172   -897   -897   -897 
   172   -897   -897   -897 
  -897     13     -6     97 
    99   -897     -6    -61 
   -60    171     -6   -897 
  -897    171     93   -897 
    40   -897    152   -897 
  -897    245   -897   -897 
    40   -897     93    -61 
  -897   -897   -897    171 
--------------------------------------------------------------------------------

--------------------------------------------------------------------------------
	Motif 2 position-specific probability matrix
--------------------------------------------------------------------------------
letter-probability matrix: alength= 4 w= 16 nsites= 5 E= 2.8e+002 
 0.000000  0.000000  1.000000  0.000000 
 0.200000  0.200000  0.600000  0.000000 
 0.400000  0.400000  0.000000  0.200000 
 0.000000  0.000000  1.000000  0.000000 
 1.000000  0.000000  0.000000  0.000000 
 0.600000  0.000000  0.400000  0.000000 
 1.000000  0.000000  0.000000  0.000000 
 1.000000  0.000000  0.000000  0.000000 
 0.000000  0.200000  0.200000  0.600000 
 0.600000  0.000000  0.200000  0.200000 
 0.200000  0.600000  0.200000  0.000000 
 0.000000  0.600000  0.400000  0.000000 
 0.400000  0.000000  0.600000  0.000000 
 0.000000  1.000000  0.000000  0.000000 
 0.400000  0.000000  0.400000  0.200000 
 0.000000  0.000000  0.000000  1.000000 
--------------------------------------------------------------------------------

--------------------------------------------------------------------------------
	Motif 2 regular expression
--------------------------------------------------------------------------------
G[GAC][ACT]GA[AG]AA[TCG][AGT][CAG][CG][GA]C[AGT]T
--------------------------------------------------------------------------------




Time  0.76 secs.

********************************************************************************


********************************************************************************
MOTIF  3 MEME	width =  14  sites =   2  llr = 36  E-value = 1.2e+003
********************************************************************************
--------------------------------------------------------------------------------
	Motif 3 Description
--------------------------------------------------------------------------------
Simplified        A  ::5:a::::::a:a
pos.-specific     C  aa5a:::a::::a:
probability       G  :::::a5:::5:::
matrix            T  ::::::5:aa5:::

         bits    2.5 ** *   *    * 
                 2.2 ** * * *    * 
                 2.0 ** * * *    * 
                 1.7 ** *** *** ***
Relative         1.5 ** *** *** ***
Entropy          1.2 ** *** *** ***
(26.2 bits)      1.0 **************
                 0.7 **************
                 0.5 **************
                 0.2 **************
                 0.0 --------------

Multilevel           CCACAGGCTTGACA
consensus              C   T   T   
sequence                           
                                   
--------------------------------------------------------------------------------

--------------------------------------------------------------------------------
	Motif 3 sites sorted by position p-value
--------------------------------------------------------------------------------
Sequence name             Start   P-value                 Site   
-------------             ----- ---------            --------------
lac                          37  3.51e-09 TCATTAGGCA CCCCAGGCTTTACA CTTTATGCTT
ce1cg                        91  1.12e-08 AAATGGAAGT CCACAGTCTTGACA G         
--------------------------------------------------------------------------------

--------------------------------------------------------------------------------
	Motif 3 block diagrams
--------------------------------------------------------------------------------
SEQUENCE NAME            POSITION P-VALUE  MOTIF DIAGRAM
-------------            ----------------  -------------
lac                               3.5e-09  36_[+3]_55
ce1cg                             1.1e-08  90_[+3]_1
--------------------------------------------------------------------------------

--------------------------------------------------------------------------------
	Motif 3 in BLOCKS format
--------------------------------------------------------------------------------
BL   MOTIF 3 width=14 seqs=2
lac                      (   37) CCCCAGGCTTTACA  1 
ce1cg                    (   91) CCACAGTCTTGACA  1 
//

--------------------------------------------------------------------------------

--------------------------------------------------------------------------------
	Motif 3 position-specific scoring matrix
--------------------------------------------------------------------------------
log-odds matrix: alength= 4 w= 14 n= 1656 bayes= 9.69174 E= 1.2e+003 
  -765    245   -765   -765 
  -765    245   -765   -765 
    72    145   -765   -765 
  -765    245   -765   -765 
   172   -765   -765   -765 
  -765   -765    225   -765 
  -765   -765    125     71 
  -765    245   -765   -765 
  -765   -765   -765    170 
  -765   -765   -765    170 
  -765   -765    125     71 
   172   -765   -765   -765 
  -765    245   -765   -765 
   172   -765   -765   -765 
--------------------------------------------------------------------------------

--------------------------------------------------------------------------------
	Motif 3 position-specific probability matrix
--------------------------------------------------------------------------------
letter-probability matrix: alength= 4 w= 14 nsites= 2 E= 1.2e+003 
 0.000000  1.000000  0.000000  0.000000 
 0.000000  1.000000  0.000000  0.000000 
 0.500000  0.500000  0.000000  0.000000 
 0.000000  1.000000  0.000000  0.000000 
 1.000000  0.000000  0.000000  0.000000 
 0.000000  0.000000  1.000000  0.000000 
 0.000000  0.000000  0.500000  0.500000 
 0.000000  1.000000  0.000000  0.000000 
 0.000000  0.000000  0.000000  1.000000 
 0.000000  0.000000  0.000000  1.000000 
 0.000000  0.000000  0.500000  0.500000 
 1.000000  0.000000  0.000000  0.000000 
 0.000000  1.000000  0.000000  0.000000 
 1.000000  0.000000  0.000000  0.000000 
--------------------------------------------------------------------------------

--------------------------------------------------------------------------------
	Motif 3 regular expression
--------------------------------------------------------------------------------
CC[AC]CAG[GT]CTT[GT]ACA
--------------------------------------------------------------------------------




Time  1.02 secs.

********************************************************************************


********************************************************************************
MOTIF  4 MEME	width =  11  sites =   5  llr = 56  E-value = 1.4e+003
********************************************************************************
--------------------------------------------------------------------------------
	Motif 4 Description
--------------------------------------------------------------------------------
Simplified        A  :2:8:aa68aa
pos.-specific     C  a:8::::2:::
probability       G  :8:22:::2::
matrix            T  ::2:8::2:::

         bits    2.5 *          
                 2.2 *          
                 2.0 *          
                 1.7 *    **  **
Relative         1.5 ***  **  **
Entropy          1.2 **** ** ***
(16.2 bits)      1.0 ******* ***
                 0.7 ******* ***
                 0.5 ***********
                 0.2 ***********
                 0.0 -----------

Multilevel           CGCATAAAAAA
consensus             ATGG  CG  
sequence                    T   
                                
--------------------------------------------------------------------------------

--------------------------------------------------------------------------------
	Motif 4 sites sorted by position p-value
--------------------------------------------------------------------------------
Sequence name             Start   P-value               Site  
-------------             ----- ---------            -----------
gale                          2  5.02e-07          G CGCATAAAAAA CGGCTAAATT
ara                           9  2.97e-06   GACAAAAA CGCGTAACAAA AGTGTCTATA
malt                         66  3.70e-06 CAAATTCAGA CACATAAAAAA ACGTCATCGC
trn9cat                      20  6.30e-06 AAGATCACTT CGCAGAATAAA TAAATCCTGG
male                         80  1.16e-05 AAGAGGTTGC CGTATAAAGAA ACTAGAGTCC
--------------------------------------------------------------------------------

--------------------------------------------------------------------------------
	Motif 4 block diagrams
--------------------------------------------------------------------------------
SEQUENCE NAME            POSITION P-VALUE  MOTIF DIAGRAM
-------------            ----------------  -------------
gale                                5e-07  1_[+4]_93
ara                                 3e-06  8_[+4]_86
malt                              3.7e-06  65_[+4]_29
trn9cat                           6.3e-06  19_[+4]_75
male                              1.2e-05  79_[+4]_15
--------------------------------------------------------------------------------

--------------------------------------------------------------------------------
	Motif 4 in BLOCKS format
--------------------------------------------------------------------------------
BL   MOTIF 4 width=11 seqs=5
gale                     (    2) CGCATAAAAAA  1 
ara                      (    9) CGCGTAACAAA  1 
malt                     (   66) CACATAAAAAA  1 
trn9cat                  (   20) CGCAGAATAAA  1 
male                     (   80) CGTATAAAGAA  1 
//

--------------------------------------------------------------------------------

--------------------------------------------------------------------------------
	Motif 4 position-specific scoring matrix
--------------------------------------------------------------------------------
log-odds matrix: alength= 4 w= 11 n= 1710 bayes= 8.66584 E= 1.4e+003 
  -897    245   -897   -897 
   -60   -897    193   -897 
  -897    213   -897    -61 
   140   -897     -6   -897 
  -897   -897     -6    139 
   172   -897   -897   -897 
   172   -897   -897   -897 
    99     13   -897    -61 
   140   -897     -6   -897 
   172   -897   -897   -897 
   172   -897   -897   -897 
--------------------------------------------------------------------------------

--------------------------------------------------------------------------------
	Motif 4 position-specific probability matrix
--------------------------------------------------------------------------------
letter-probability matrix: alength= 4 w= 11 nsites= 5 E= 1.4e+003 
 0.000000  1.000000  0.000000  0.000000 
 0.200000  0.000000  0.800000  0.000000 
 0.000000  0.800000  0.000000  0.200000 
 0.800000  0.000000  0.200000  0.000000 
 0.000000  0.000000  0.200000  0.800000 
 1.000000  0.000000  0.000000  0.000000 
 1.000000  0.000000  0.000000  0.000000 
 0.600000  0.200000  0.000000  0.200000 
 0.800000  0.000000  0.200000  0.000000 
 1.000000  0.000000  0.000000  0.000000 
 1.000000  0.000000  0.000000  0.000000 
--------------------------------------------------------------------------------

--------------------------------------------------------------------------------
	Motif 4 regular expression
--------------------------------------------------------------------------------
C[GA][CT][AG][TG]AA[ACT][AG]AA
--------------------------------------------------------------------------------




Time  1.30 secs.

********************************************************************************


********************************************************************************
MOTIF  5 MEME	width =   8  sites =   2  llr = 24  E-value = 1.8e+003
********************************************************************************
--------------------------------------------------------------------------------
	Motif 5 Description
--------------------------------------------------------------------------------
Simplified        A  ::::::::
pos.-specific     C  a::5::::
probability       G  :aa:aaaa
matrix            T  :::5::::

         bits    2.5 *       
                 2.2 *** ****
                 2.0 *** ****
                 1.7 *** ****
Relative         1.5 *** ****
Entropy          1.2 *** ****
(17.1 bits)      1.0 ********
                 0.7 ********
                 0.5 ********
                 0.2 ********
                 0.0 --------

Multilevel           CGGCGGGG
consensus               T    
sequence                     
                             
--------------------------------------------------------------------------------

--------------------------------------------------------------------------------
	Motif 5 sites sorted by position p-value
--------------------------------------------------------------------------------
Sequence name             Start   P-value              Site
-------------             ----- ---------            --------
ilv                           5  2.79e-06       GCTC CGGCGGGG TTTTTTGTTA
male                         41  7.46e-06 CACAAAGCGA CGGTGGGG CGTAGGGGCA
--------------------------------------------------------------------------------

--------------------------------------------------------------------------------
	Motif 5 block diagrams
--------------------------------------------------------------------------------
SEQUENCE NAME            POSITION P-VALUE  MOTIF DIAGRAM
-------------            ----------------  -------------
ilv                               2.8e-06  4_[+5]_93
male                              7.5e-06  40_[+5]_57
--------------------------------------------------------------------------------

--------------------------------------------------------------------------------
	Motif 5 in BLOCKS format
--------------------------------------------------------------------------------
BL   MOTIF 5 width=8 seqs=2
ilv                      (    5) CGGCGGGG  1 
male                     (   41) CGGTGGGG  1 
//

--------------------------------------------------------------------------------

--------------------------------------------------------------------------------
	Motif 5 position-specific scoring matrix
--------------------------------------------------------------------------------
log-odds matrix: alength= 4 w= 8 n= 1764 bayes= 9.783 E= 1.8e+003 
  -765    245   -765   -765 
  -765   -765    225   -765 
  -765   -765    225   -765 
  -765    145   -765     71 
  -765   -765    225   -765 
  -765   -765    225   -765 
  -765   -765    225   -765 
  -765   -765    225   -765 
--------------------------------------------------------------------------------

--------------------------------------------------------------------------------
	Motif 5 position-specific probability matrix
--------------------------------------------------------------------------------
letter-probability matrix: alength= 4 w= 8 nsites= 2 E= 1.8e+003 
 0.000000  1.000000  0.000000  0.000000 
 0.000000  0.000000  1.000000  0.000000 
 0.000000  0.000000  1.000000  0.000000 
 0.000000  0.500000  0.000000  0.500000 
 0.000000  0.000000  1.000000  0.000000 
 0.000000  0.000000  1.000000  0.000000 
 0.000000  0.000000  1.000000  0.000000 
 0.000000  0.000000  1.000000  0.000000 
--------------------------------------------------------------------------------

--------------------------------------------------------------------------------
	Motif 5 regular expression
--------------------------------------------------------------------------------
CGG[CT]GGGG
--------------------------------------------------------------------------------




Time  1.53 secs.

********************************************************************************


********************************************************************************
SUMMARY OF MOTIFS
********************************************************************************

--------------------------------------------------------------------------------
	Combined block diagrams: non-overlapping sites with p-value < 0.0001
--------------------------------------------------------------------------------
SEQUENCE NAME            COMBINED P-VALUE  MOTIF DIAGRAM
-------------            ----------------  -------------
ce1cg                            2.64e-12  29_[+2(6.16e-09)]_18_[+1(3.24e-06)]_\
    8_[+3(1.12e-08)]_1
ara                              4.45e-09  8_[+4(2.97e-06)]_16_[+2(4.50e-07)]_\
    6_[+1(7.01e-07)]_29
bglr1                            1.70e-02  78_[+1(2.95e-06)]_8
crp                              6.74e-03  65_[+1(5.14e-06)]_21
cya                              3.75e-02  52_[+1(3.32e-05)]_34
deop2                            4.69e-03  9_[+1(5.00e-07)]_77
gale                             5.57e-06  1_[+4(5.02e-07)]_32_[+1(7.31e-06)]_\
    42
ilv                              9.16e-04  4_[+5(2.79e-06)]_29_[+1(5.46e-05)]_\
    45
lac                              3.28e-08  11_[+1(1.33e-06)]_6_[+3(3.51e-09)]_\
    55
male                             9.06e-08  16_[+1(3.13e-07)]_5_[+5(7.46e-06)]_\
    31_[+4(1.16e-05)]_15
malk                             9.25e-06  14_[+2(6.14e-07)]_33_[+1(5.10e-05)]_\
    23
malt                             5.24e-04  43_[+1(3.32e-05)]_3_[+4(3.70e-06)]_\
    29
ompa                             1.83e-03  50_[+1(3.13e-07)]_36
tnaa                             1.91e-02  73_[+1(3.24e-06)]_13
uxu1                             3.30e-02  19_[+1(2.29e-05)]_67
pbr322                           1.55e-07  55_[+1(3.56e-06)]_6_[+2(2.00e-09)]_\
    9
trn9cat                          4.66e-05  19_[+4(6.30e-06)]_48_[+2(2.45e-07)]_\
    11
tdc                              2.99e-02  78_[+1(2.68e-06)]_8
--------------------------------------------------------------------------------

********************************************************************************


********************************************************************************
Stopped because nmotifs = 5 reached.
********************************************************************************

CPU: Ges-MacBook.local

********************************************************************************
